[11:38:44 - 28-38-2023] ::: [WARNING] - [REQUEST] Failed to handle request for mailto:?to=contact@glossae.net.
[11:38:47 - 28-38-2023] ::: [WARNING] - [REQUEST] Failed to handle request for https://gloss-e.irht.cnrs.fr/php/index.php.
[11:38:47 - 28-38-2023] ::: [WARNING] - [REQUEST] Failed to handle request for https://gloss-e.irht.cnrs.fr/php/php/introduction.php.
[11:38:48 - 28-38-2023] ::: [WARNING] - [REQUEST] Failed to handle request for https://gloss-e.irht.cnrs.fr/php/php/livres-liste.php?id=biblia.
[11:38:49 - 28-38-2023] ::: [WARNING] - [REQUEST] Failed to handle request for https://gloss-e.irht.cnrs.fr/php/php/livres-liste.php?id=glo.
[11:38:49 - 28-38-2023] ::: [WARNING] - [REQUEST] Failed to handle request for https://gloss-e.irht.cnrs.fr/php/php/livres-liste.php?id=media.
[11:38:50 - 28-38-2023] ::: [WARNING] - [REQUEST] Failed to handle request for https://gloss-e.irht.cnrs.fr/php/php/livres-liste.php?id=magna.
[11:38:51 - 28-38-2023] ::: [WARNING] - [REQUEST] Failed to handle request for https://gloss-e.irht.cnrs.fr/php/php/livres-liste.php?id=hug.
[11:38:51 - 28-38-2023] ::: [WARNING] - [REQUEST] Failed to handle request for https://gloss-e.irht.cnrs.fr/php/php/livres-liste.php?id=phi.
[11:38:52 - 28-38-2023] ::: [WARNING] - [REQUEST] Failed to handle request for https://gloss-e.irht.cnrs.fr/php/php/livres-liste.php?id=catena.
[11:38:53 - 28-38-2023] ::: [WARNING] - [REQUEST] Failed to handle request for https://gloss-e.irht.cnrs.fr/php/php/livres-liste.php?id=lyr.
[11:38:54 - 28-38-2023] ::: [WARNING] - [REQUEST] Failed to handle request for https://gloss-e.irht.cnrs.fr/php/php/glossem_formulaire.php.
[11:38:54 - 28-38-2023] ::: [WARNING] - [REQUEST] Failed to handle request for https://gloss-e.irht.cnrs.fr/php/php/index-liste.php.
[11:38:55 - 28-38-2023] ::: [WARNING] - [REQUEST] Failed to handle request for https://gloss-e.irht.cnrs.fr/php/php/formulaire_recherche.php.
[11:38:56 - 28-38-2023] ::: [WARNING] - [REQUEST] Failed to handle request for https://gloss-e.irht.cnrs.fr/php/php/page.php?id=66.
[11:39:04 - 28-39-2023] ::: [WARNING] - [REQUEST] Failed to handle request for https://gloss-e.irht.cnrs.fr/php/php/page.php?id=2.
[11:39:05 - 28-39-2023] ::: [WARNING] - [REQUEST] Failed to handle request for https://gloss-e.irht.cnrs.fr/php/php/page.php?id=3.
[11:39:12 - 28-39-2023] ::: [WARNING] - [REQUEST] Failed to handle request for http://lem.vjf.cnrs.fr/.
[11:39:18 - 28-39-2023] ::: [WARNING] - [REQUEST] Failed to handle request for https://www.univ-psl.fr/fr.
[11:39:26 - 28-39-2023] ::: [WARNING] - [REQUEST] Failed to handle request for http://www.aibl.fr/.
[11:39:32 - 28-39-2023] ::: [WARNING] - [REQUEST] Failed to handle request for http://www.hesam.eu/labexhastec/.
[11:51:35 - 28-51-2023] ::: [WARNING] - [REQUEST] Failed to handle request for http://mss.bmlonline.it/s.aspx?Id=AWOHzDUXI1A4r7GxMB7n#/oro/174.
[11:52:12 - 28-52-2023] ::: [WARNING] - [REQUEST] Failed to handle request for http://mss.bmlonline.it/s.aspx?Id=AWOHzDUXI1A4r7GxMB7n#/oro/231.
[11:52:14 - 28-52-2023] ::: [WARNING] - [REQUEST] Failed to handle request for http://mss.bmlonline.it/s.aspx?Id=AWOMrqemI1A4r7GxMYcT#/oro/314.
[11:53:11 - 28-53-2023] ::: [WARNING] - [REQUEST] Failed to handle request for mailto:?to=glossae@irht.cnrs.fr.
[11:57:24 - 28-57-2023] ::: [WARNING] - [REQUEST] Failed to handle request for http://lem.vjf.cnrs.fr/?lang=fr.
[11:57:31 - 28-57-2023] ::: [WARNING] - [REQUEST] Failed to handle request for https://umr8230.cnrs.fr/.
[11:57:45 - 28-57-2023] ::: [WARNING] - [REQUEST] Failed to handle request for http://www.wordpro-pondicherry.com/.
[11:57:50 - 28-57-2023] ::: [WARNING] - [REQUEST] Failed to handle request for http://gloss-e.irht.cnrs.fr/php/page.php?id=33.
